<?xml version="1.0" encoding="UTF-8"?>
<!-- Generated by org.testng.reporters.JUnitXMLReporter -->
<testsuite ignored="1" hostname="DESKTOP-0VE8HO3" failures="0" tests="1" name="Default test" time="0.148" errors="0" timestamp="2022-03-28T15:34:45 PDT">
  <testcase classname="Lms_API.LMS_Get" name="getProgramById" time="0.0">
    <skipped/>
  </testcase> <!-- getProgramById -->
  <testcase classname="Lms_API.LMS_Get" name="getAllPrograms" time="0.0">
    <ignored/>
  </testcase> <!-- getAllPrograms -->
</testsuite> <!-- Default test -->
