<?xml version="1.0" encoding="UTF-8"?>
<testng-results ignored="0" total="1" passed="1" failed="0" skipped="0">
  <reporter-output>
  </reporter-output>
  <suite started-at="2022-03-09T23:58:48 PST" name="TestSuite1" finished-at="2022-03-09T23:59:20 PST" duration-ms="31330">
    <groups>
    </groups>
    <test started-at="2022-03-09T23:58:48 PST" name="myLMStest" finished-at="2022-03-09T23:59:20 PST" duration-ms="31330">
      <class name="Lms_API.LMS_Get">
        <test-method is-config="true" signature="setup()[pri:0, instance:Lms_API.LMS_Get@48524010]" started-at="2022-03-09T23:58:48 PST" name="setup" finished-at="2022-03-09T23:58:49 PST" duration-ms="10" status="PASS">
          <reporter-output>
          </reporter-output>
        </test-method> <!-- setup -->
        <test-method signature="getAllPrograms()[pri:0, instance:Lms_API.LMS_Get@48524010]" started-at="2022-03-09T23:58:49 PST" name="getAllPrograms" finished-at="2022-03-09T23:59:20 PST" duration-ms="31275" status="PASS">
          <reporter-output>
          </reporter-output>
        </test-method> <!-- getAllPrograms -->
      </class> <!-- Lms_API.LMS_Get -->
    </test> <!-- myLMStest -->
  </suite> <!-- TestSuite1 -->
</testng-results>
